2024.05.04 15:54:12 INFO  Started: Metals version 1.3.0 in folders 'D:\BDE (Big Data Essential)\Final Project\Spark_Scala' for client Visual Studio Code 1.89.0.
SLF4J: Class path contains multiple SLF4J providers.
SLF4J: Found provider [scribe.slf4j.ScribeServiceProvider@1b7628cb]
SLF4J: Found provider [ch.qos.logback.classic.spi.LogbackServiceProvider@2fe7aa0]
SLF4J: See https://www.slf4j.org/codes.html#multiple_bindings for an explanation.
SLF4J: Actual provider is of type [scribe.slf4j.ScribeServiceProvider@1b7628cb]
2024.05.04 15:54:13 WARN  Flyway upgrade recommended: H2 2.2.224 is newer than this version of Flyway and support has not been tested. The latest supported version of H2 is 2.2.220.
2024.05.04 15:54:17 INFO  Running List(C:\Users\admin\AppData\Local\Coursier\data\bin\scala-cli.BAT, setup-ide, D:\BDE (Big Data Essential)\Final Project\Spark_Scala)
2024.05.04 15:54:17 INFO  Attempting to connect to the build server...
2024.05.04 15:54:17 INFO  Running BSP server List(C:\Users\admin\AppData\Local\Coursier\data\bin\.scala-cli.aux.exe, bsp, --json-options, D:\BDE (Big Data Essential)\Final Project\Spark_Scala\.scala-build\ide-options-v2.json, D:\BDE (Big Data Essential)\Final Project\Spark_Scala)
2024.05.04 15:54:18 INFO  tracing is disabled for protocol BSP, to enable tracing of incoming and outgoing JSON messages create an empty file at D:\BDE (Big Data Essential)\Final Project\Spark_Scala\.metals\bsp.trace.json or C:\Users\admin\AppData\Local\scalameta\metals\cache\bsp.trace.json
2024.05.04 15:54:22 INFO  BSP server: Starting compilation server
2024.05.04 15:54:33 INFO  no build target found for D:\BDE (Big Data Essential)\Final Project\Spark_Scala\WordCount.scala. Using presentation compiler with project's scala-library version: 3.3.3
May 04, 2024 3:54:34 PM org.eclipse.lsp4j.jsonrpc.RemoteEndpoint handleCancellation
WARNING: Unmatched cancel notification for request id 2
May 04, 2024 3:54:34 PM org.eclipse.lsp4j.jsonrpc.RemoteEndpoint handleCancellation
WARNING: Unmatched cancel notification for request id 11
May 04, 2024 3:54:34 PM org.eclipse.lsp4j.jsonrpc.RemoteEndpoint handleCancellation
WARNING: Unmatched cancel notification for request id 15
2024.05.04 15:54:35 INFO  time: Connected to build server in 17s
2024.05.04 15:54:35 INFO  Connected to Build server: scala-cli v1.3.0
2024.05.04 15:54:36 INFO  compiling spark_scala_f4dd477a3a (3 scala sources)
May 04, 2024 3:54:39 PM org.eclipse.lsp4j.jsonrpc.RemoteEndpoint handleCancellation
WARNING: Unmatched cancel notification for request id 19
May 04, 2024 3:54:39 PM org.eclipse.lsp4j.jsonrpc.RemoteEndpoint handleCancellation
WARNING: Unmatched cancel notification for request id 26
May 04, 2024 3:54:39 PM org.eclipse.lsp4j.jsonrpc.RemoteEndpoint handleCancellation
WARNING: Unmatched cancel notification for request id 7
May 04, 2024 3:54:39 PM org.eclipse.lsp4j.jsonrpc.RemoteEndpoint handleCancellation
WARNING: Unmatched cancel notification for request id 29
May 04, 2024 3:54:39 PM org.eclipse.lsp4j.jsonrpc.RemoteEndpoint handleCancellation
WARNING: Unmatched cancel notification for request id 37
May 04, 2024 3:54:39 PM org.eclipse.lsp4j.jsonrpc.RemoteEndpoint handleCancellation
WARNING: Unmatched cancel notification for request id 35
May 04, 2024 3:54:39 PM org.eclipse.lsp4j.jsonrpc.RemoteEndpoint handleCancellation
WARNING: Unmatched cancel notification for request id 50
May 04, 2024 3:54:40 PM org.eclipse.lsp4j.jsonrpc.RemoteEndpoint handleCancellation
WARNING: Unmatched cancel notification for request id 41
2024.05.04 15:54:44 INFO  time: Imported build in 9.2s
2024.05.04 15:54:44 INFO  compiling spark_scala_f4dd477a3a (3 scala sources)
2024.05.04 15:54:46 INFO  time: compiled Spark_Scala_f4dd477a3a in 2.35s
2024.05.04 15:54:49 INFO  compiling spark_scala_f4dd477a3a (3 scala sources)
2024.05.04 15:54:50 INFO  time: compiled Spark_Scala_f4dd477a3a in 1.23s
2024.05.04 15:55:05 INFO  time: indexed workspace in 20s
2024.05.04 15:56:09 INFO  compiling spark_scala_f4dd477a3a (3 scala sources)
2024.05.04 15:56:11 INFO  time: compiled Spark_Scala_f4dd477a3a in 2.01s
2024.05.04 15:56:32 INFO  compiling spark_scala_f4dd477a3a (3 scala sources)
2024.05.04 15:56:34 INFO  time: compiled Spark_Scala_f4dd477a3a in 1.43s
May 04, 2024 4:02:04 PM scala.meta.internal.pc.CompilerAccess handleError
SEVERE: A severe compiler error occurred, full details of the error can be found in the error report D:\BDE (Big Data Essential)\Final Project\Spark_Scala\.metals\.reports\metals-full\2024-05-04\r_compiler-error_(Spark_Scala_f4dd477a3a)_16-02-04-596.md
2024.05.04 16:04:29 WARN  Using indexes to guess the definition of counts
2024.05.04 16:04:33 INFO  compiling spark_scala_f4dd477a3a (3 scala sources)
2024.05.04 16:04:34 INFO  time: compiled Spark_Scala_f4dd477a3a in 1.46s
2024.05.04 16:27:04 INFO  Shutting down server
2024.05.04 16:27:04 INFO  shutting down Metals
2024.05.04 16:27:04 INFO  Shut down connection with build server.
2024.05.04 16:27:04 INFO  Exiting server
